Using pre-set license
Built from '2021.3/release' branch; Version is '2021.3.27f1 (ca3ffb99bcc6) revision 13254651'; Using compiler version '192829333'; Build Type 'Release'
OS: 'Windows 11  (10.0.22621) 64bit Professional' Language: 'en' Physical Memory: 16221 MB
BatchMode: 1, IsHumanControllingUs: 0, StartBugReporterOnCrash: 0, Is64bit: 1, IsPro: 1

COMMAND LINE ARGUMENTS:
D:\Unity\Core\2021.3.27f1\Editor\Unity.exe
-adb2
-batchMode
-noUpm
-name
AssetImportWorker1
-projectPath
F:/Art/ArtWork/Games/BRC/coded v3/unityProject
-logFile
Logs/AssetImportWorker1.log
-srvPort
56566
Successfully changed project path to: F:/Art/ArtWork/Games/BRC/coded v3/unityProject
F:/Art/ArtWork/Games/BRC/coded v3/unityProject
[UnityMemory] Configuration Parameters - Can be set up in boot.config
    "memorysetup-bucket-allocator-granularity=16"
    "memorysetup-bucket-allocator-bucket-count=8"
    "memorysetup-bucket-allocator-block-size=33554432"
    "memorysetup-bucket-allocator-block-count=8"
    "memorysetup-main-allocator-block-size=16777216"
    "memorysetup-thread-allocator-block-size=16777216"
    "memorysetup-gfx-main-allocator-block-size=16777216"
    "memorysetup-gfx-thread-allocator-block-size=16777216"
    "memorysetup-cache-allocator-block-size=4194304"
    "memorysetup-typetree-allocator-block-size=2097152"
    "memorysetup-profiler-bucket-allocator-granularity=16"
    "memorysetup-profiler-bucket-allocator-bucket-count=8"
    "memorysetup-profiler-bucket-allocator-block-size=33554432"
    "memorysetup-profiler-bucket-allocator-block-count=8"
    "memorysetup-profiler-allocator-block-size=16777216"
    "memorysetup-profiler-editor-allocator-block-size=1048576"
    "memorysetup-temp-allocator-size-main=16777216"
    "memorysetup-job-temp-allocator-block-size=2097152"
    "memorysetup-job-temp-allocator-block-size-background=1048576"
    "memorysetup-job-temp-allocator-reduction-small-platforms=262144"
    "memorysetup-temp-allocator-size-background-worker=32768"
    "memorysetup-temp-allocator-size-job-worker=262144"
    "memorysetup-temp-allocator-size-preload-manager=33554432"
    "memorysetup-temp-allocator-size-nav-mesh-worker=65536"
    "memorysetup-temp-allocator-size-audio-worker=65536"
    "memorysetup-temp-allocator-size-cloud-worker=32768"
    "memorysetup-temp-allocator-size-gi-baking-worker=262144"
    "memorysetup-temp-allocator-size-gfx=262144"
Player connection [24748] Host "[IP] 192.168.72.1 [Port] 0 [Flags] 2 [Guid] 1601651383 [EditorId] 1601651383 [Version] 1048832 [Id] WindowsEditor(7,Sam-Desktop) [Debug] 1 [PackageName] WindowsEditor [ProjectName] Editor" joined multi-casting on [225.0.0.222:54997]...

Player connection [24748] Host "[IP] 192.168.72.1 [Port] 0 [Flags] 2 [Guid] 1601651383 [EditorId] 1601651383 [Version] 1048832 [Id] WindowsEditor(7,Sam-Desktop) [Debug] 1 [PackageName] WindowsEditor [ProjectName] Editor" joined alternative multi-casting on [225.0.0.222:34997]...

Refreshing native plugins compatible for Editor in 12.68 ms, found 0 plugins.
Preloading 0 native plugins for Editor in 0.00 ms.
Initialize engine version: 2021.3.27f1 (ca3ffb99bcc6)
[Subsystems] Discovering subsystems at path D:/Unity/Core/2021.3.27f1/Editor/Data/Resources/UnitySubsystems
[Subsystems] Discovering subsystems at path F:/Art/ArtWork/Games/BRC/coded v3/unityProject/Assets
GfxDevice: creating device client; threaded=0; jobified=0
Direct3D:
    Version:  Direct3D 11.0 [level 11.1]
    Renderer: NVIDIA GeForce RTX 3070 (ID=0x2484)
    Vendor:   NVIDIA
    VRAM:     8032 MB
    Driver:   31.0.15.3713
Initialize mono
Mono path[0] = 'D:/Unity/Core/2021.3.27f1/Editor/Data/Managed'
Mono path[1] = 'D:/Unity/Core/2021.3.27f1/Editor/Data/MonoBleedingEdge/lib/mono/unityjit-win32'
Mono config path = 'D:/Unity/Core/2021.3.27f1/Editor/Data/MonoBleedingEdge/etc'
Using monoOptions --debugger-agent=transport=dt_socket,embedding=1,server=y,suspend=n,address=127.0.0.1:56636
Begin MonoManager ReloadAssembly
Registering precompiled unity dll's ...
Register platform support module: D:/Unity/Core/2021.3.27f1/Editor/Data/PlaybackEngines/WindowsStandaloneSupport/UnityEditor.WindowsStandalone.Extensions.dll
Registered in 0.001604 seconds.
Native extension for WindowsStandalone target not found
Refreshing native plugins compatible for Editor in 12.31 ms, found 0 plugins.
Preloading 0 native plugins for Editor in 0.00 ms.
Mono: successfully reloaded assembly
- Completed reload, in  0.493 seconds
Domain Reload Profiling:
	ReloadAssembly (493ms)
		BeginReloadAssembly (67ms)
			ExecutionOrderSort (0ms)
			DisableScriptedObjects (0ms)
			BackupInstance (0ms)
			ReleaseScriptingObjects (0ms)
			CreateAndSetChildDomain (1ms)
		EndReloadAssembly (346ms)
			LoadAssemblies (66ms)
			RebuildTransferFunctionScriptingTraits (0ms)
			SetupTypeCache (100ms)
			ReleaseScriptCaches (0ms)
			RebuildScriptCaches (26ms)
			SetupLoadedEditorAssemblies (180ms)
				LogAssemblyErrors (0ms)
				InitializePlatformSupportModulesInManaged (5ms)
				SetLoadedEditorAssemblies (0ms)
				RefreshPlugins (12ms)
				BeforeProcessingInitializeOnLoad (1ms)
				ProcessInitializeOnLoadAttributes (117ms)
				ProcessInitializeOnLoadMethodAttributes (44ms)
				AfterProcessingInitializeOnLoad (0ms)
				EditorAssembliesLoaded (0ms)
			ExecutionOrderSort2 (0ms)
			AwakeInstancesAfterBackupRestoration (0ms)
Platform modules already initialized, skipping
Registering precompiled user dll's ...
Registered in 0.000744 seconds.
Begin MonoManager ReloadAssembly
Native extension for WindowsStandalone target not found
Refreshing native plugins compatible for Editor in 0.11 ms, found 0 plugins.
Preloading 0 native plugins for Editor in 0.00 ms.
Mono: successfully reloaded assembly
- Completed reload, in  0.599 seconds
Domain Reload Profiling:
	ReloadAssembly (600ms)
		BeginReloadAssembly (101ms)
			ExecutionOrderSort (0ms)
			DisableScriptedObjects (4ms)
			BackupInstance (0ms)
			ReleaseScriptingObjects (0ms)
			CreateAndSetChildDomain (19ms)
		EndReloadAssembly (418ms)
			LoadAssemblies (65ms)
			RebuildTransferFunctionScriptingTraits (0ms)
			SetupTypeCache (143ms)
			ReleaseScriptCaches (0ms)
			RebuildScriptCaches (30ms)
			SetupLoadedEditorAssemblies (160ms)
				LogAssemblyErrors (0ms)
				InitializePlatformSupportModulesInManaged (4ms)
				SetLoadedEditorAssemblies (0ms)
				RefreshPlugins (0ms)
				BeforeProcessingInitializeOnLoad (29ms)
				ProcessInitializeOnLoadAttributes (108ms)
				ProcessInitializeOnLoadMethodAttributes (17ms)
				AfterProcessingInitializeOnLoad (2ms)
				EditorAssembliesLoaded (0ms)
			ExecutionOrderSort2 (0ms)
			AwakeInstancesAfterBackupRestoration (8ms)
Platform modules already initialized, skipping
========================================================================
Worker process is ready to serve import requests
Launched and connected shader compiler UnityShaderCompiler.exe after 0.08 seconds
Refreshing native plugins compatible for Editor in 0.12 ms, found 0 plugins.
Preloading 0 native plugins for Editor in 0.00 ms.
Unloading 727 Unused Serialized files (Serialized files now loaded: 0)
Unloading 11 unused Assets / (38.4 KB). Loaded Objects now: 1205.
Memory consumption went from 45.1 MB to 45.1 MB.
Total: 2.603500 ms (FindLiveObjects: 0.157500 ms CreateObjectMapping: 0.035000 ms MarkObjects: 2.299600 ms  DeleteObjects: 0.109300 ms)

AssetImportParameters requested are different than current active one (requested -> active):
  custom:video-decoder-ogg-theora: a1e56fd34408186e4bbccfd4996cb3dc -> 
  custom:container-muxer-webm: aa71ff27fc2769a1b78a27578f13a17b -> 
  custom:container-demuxer-webm: 4f35f7cbe854078d1ac9338744f61a02 -> 
  custom:video-encoder-webm-vp8: eb34c28f22e8b96e1ab97ce403110664 -> 
  custom:video-codec-MediaFoundation-h265: 746d11721c4dcdbdad8f713fa42b33f4 -> 
  custom:audio-encoder-webm-vorbis: bf7c407c2cedff20999df2af8eb42d56 -> 
  custom:framework-win-MediaFoundation: 216162199b28c13a410421893ffa2e32 -> 
  custom:container-demuxer-ogg: 62fdf1f143b41e24485cea50d1cbac27 -> 
  custom:video-decoder-webm-vp8: 9c59270c3fd7afecdb556c50c9e8de78 -> 
  custom:audio-decoder-ogg-vorbis: bf7c407c2cedff20999df2af8eb42d56 -> 
========================================================================
Received Import Request.
  Time since last request: 44555.485547 seconds.
  path: Assets/Characters/Coded/textures/coded/Default-Material.mat
  artifactKey: Guid(a0125ab264cc4d9469b46b9e407c310a) Importer(815301076,1909f56bfc062723c751e8b465ee728b)
Start importing Assets/Characters/Coded/textures/coded/Default-Material.mat using Guid(a0125ab264cc4d9469b46b9e407c310a) Importer(815301076,1909f56bfc062723c751e8b465ee728b)  -> (artifact id: '38463a99441d9cf397371fd2ee037deb') in 1.213257 seconds 
========================================================================
Received Import Request.
  Time since last request: 0.250562 seconds.
  path: Assets/Characters/Coded/textures/coded/Default-Material 2.mat
  artifactKey: Guid(96b2fd51d337955488ee291a26c60998) Importer(815301076,1909f56bfc062723c751e8b465ee728b)
Start importing Assets/Characters/Coded/textures/coded/Default-Material 2.mat using Guid(96b2fd51d337955488ee291a26c60998) Importer(815301076,1909f56bfc062723c751e8b465ee728b)  -> (artifact id: '0c424784326bfd87b39128290ee77773') in 0.018432 seconds 
========================================================================
Received Import Request.
  Time since last request: 0.040388 seconds.
  path: Assets/Reference Models/skateRight.obj
  artifactKey: Guid(3d7cfe01829485344ab3cd91bbaec7ce) Importer(815301076,1909f56bfc062723c751e8b465ee728b)
Start importing Assets/Reference Models/skateRight.obj using Guid(3d7cfe01829485344ab3cd91bbaec7ce) Importer(815301076,1909f56bfc062723c751e8b465ee728b)  -> (artifact id: '8cae28139ce53b57293321de473e2d85') in 0.167832 seconds 
========================================================================
Received Import Request.
  Time since last request: 0.000023 seconds.
  path: Assets/Characters/Coded/outfits/sonic_body_outfit2.mat
  artifactKey: Guid(adea8f7476114a848916e9560e31f38a) Importer(815301076,1909f56bfc062723c751e8b465ee728b)
Start importing Assets/Characters/Coded/outfits/sonic_body_outfit2.mat using Guid(adea8f7476114a848916e9560e31f38a) Importer(815301076,1909f56bfc062723c751e8b465ee728b)  -> (artifact id: '34ac64d47cb2fc3c21f215c26ad10ea8') in 0.046847 seconds 
========================================================================
Received Import Request.
  Time since last request: 0.000024 seconds.
  path: Assets/Characters/Coded/outfits/standard/sonic_glasses.mat
  artifactKey: Guid(dda0a0fbcb915ae48a56acb33ee139fd) Importer(815301076,1909f56bfc062723c751e8b465ee728b)
Start importing Assets/Characters/Coded/outfits/standard/sonic_glasses.mat using Guid(dda0a0fbcb915ae48a56acb33ee139fd) Importer(815301076,1909f56bfc062723c751e8b465ee728b)  -> (artifact id: 'cb9fde892e16eeba4f7a4899ebada12a') in 0.067059 seconds 
========================================================================
Received Import Request.
  Time since last request: 0.000017 seconds.
  path: Assets/Characters/Coded/outfits/standard/super_shoes.mat
  artifactKey: Guid(7c8b18c7b97c68846b8df1977c6ffcaf) Importer(815301076,1909f56bfc062723c751e8b465ee728b)
Start importing Assets/Characters/Coded/outfits/standard/super_shoes.mat using Guid(7c8b18c7b97c68846b8df1977c6ffcaf) Importer(815301076,1909f56bfc062723c751e8b465ee728b)  -> (artifact id: 'a22df80fcf093ea82161ec4228555485') in 0.021716 seconds 
========================================================================
Received Import Request.
  Time since last request: 0.000039 seconds.
  path: Assets/Reference Models/previewMaterial.mat
  artifactKey: Guid(84dcdc0929c458f4cbfd9fc1ef8be572) Importer(815301076,1909f56bfc062723c751e8b465ee728b)
Start importing Assets/Reference Models/previewMaterial.mat using Guid(84dcdc0929c458f4cbfd9fc1ef8be572) Importer(815301076,1909f56bfc062723c751e8b465ee728b)  -> (artifact id: 'fd86506d66b29119b7fbd4a964f951a0') in 0.021182 seconds 
========================================================================
Received Import Request.
  Time since last request: 0.000021 seconds.
  path: Assets/Characters/Coded/outfits/standard/sonic_shoe.mat
  artifactKey: Guid(16e7bced3bd68804b8990005c0811e43) Importer(815301076,1909f56bfc062723c751e8b465ee728b)
Start importing Assets/Characters/Coded/outfits/standard/sonic_shoe.mat using Guid(16e7bced3bd68804b8990005c0811e43) Importer(815301076,1909f56bfc062723c751e8b465ee728b)  -> (artifact id: '689e8608411a032a74800ce65b6a7dd6') in 0.023104 seconds 
Editor requested this worker to shutdown with reason: Scaling down because of idle timeout
AssetImportWorker is now disconnected from the server
Process exiting
Exiting without the bug reporter. Application will terminate with return code 0