Using pre-set license
Built from '2021.3/release' branch; Version is '2021.3.27f1 (ca3ffb99bcc6) revision 13254651'; Using compiler version '192829333'; Build Type 'Release'
OS: 'Windows 11  (10.0.22621) 64bit Professional' Language: 'en' Physical Memory: 16221 MB
BatchMode: 1, IsHumanControllingUs: 0, StartBugReporterOnCrash: 0, Is64bit: 1, IsPro: 1

COMMAND LINE ARGUMENTS:
D:\Unity\Core\2021.3.27f1\Editor\Unity.exe
-adb2
-batchMode
-noUpm
-name
AssetImportWorker0
-projectPath
F:/Art/ArtWork/Games/BRC/coded v3/unityProject
-logFile
Logs/AssetImportWorker0.log
-srvPort
56566
Successfully changed project path to: F:/Art/ArtWork/Games/BRC/coded v3/unityProject
F:/Art/ArtWork/Games/BRC/coded v3/unityProject
[UnityMemory] Configuration Parameters - Can be set up in boot.config
    "memorysetup-bucket-allocator-granularity=16"
    "memorysetup-bucket-allocator-bucket-count=8"
    "memorysetup-bucket-allocator-block-size=33554432"
    "memorysetup-bucket-allocator-block-count=8"
    "memorysetup-main-allocator-block-size=16777216"
    "memorysetup-thread-allocator-block-size=16777216"
    "memorysetup-gfx-main-allocator-block-size=16777216"
    "memorysetup-gfx-thread-allocator-block-size=16777216"
    "memorysetup-cache-allocator-block-size=4194304"
    "memorysetup-typetree-allocator-block-size=2097152"
    "memorysetup-profiler-bucket-allocator-granularity=16"
    "memorysetup-profiler-bucket-allocator-bucket-count=8"
    "memorysetup-profiler-bucket-allocator-block-size=33554432"
    "memorysetup-profiler-bucket-allocator-block-count=8"
    "memorysetup-profiler-allocator-block-size=16777216"
    "memorysetup-profiler-editor-allocator-block-size=1048576"
    "memorysetup-temp-allocator-size-main=16777216"
    "memorysetup-job-temp-allocator-block-size=2097152"
    "memorysetup-job-temp-allocator-block-size-background=1048576"
    "memorysetup-job-temp-allocator-reduction-small-platforms=262144"
    "memorysetup-temp-allocator-size-background-worker=32768"
    "memorysetup-temp-allocator-size-job-worker=262144"
    "memorysetup-temp-allocator-size-preload-manager=33554432"
    "memorysetup-temp-allocator-size-nav-mesh-worker=65536"
    "memorysetup-temp-allocator-size-audio-worker=65536"
    "memorysetup-temp-allocator-size-cloud-worker=32768"
    "memorysetup-temp-allocator-size-gi-baking-worker=262144"
    "memorysetup-temp-allocator-size-gfx=262144"
Player connection [9656] Host "[IP] 192.168.72.1 [Port] 0 [Flags] 2 [Guid] 2787175348 [EditorId] 2787175348 [Version] 1048832 [Id] WindowsEditor(7,Sam-Desktop) [Debug] 1 [PackageName] WindowsEditor [ProjectName] Editor" joined multi-casting on [225.0.0.222:54997]...

Player connection [9656] Host "[IP] 192.168.72.1 [Port] 0 [Flags] 2 [Guid] 2787175348 [EditorId] 2787175348 [Version] 1048832 [Id] WindowsEditor(7,Sam-Desktop) [Debug] 1 [PackageName] WindowsEditor [ProjectName] Editor" joined alternative multi-casting on [225.0.0.222:34997]...

Refreshing native plugins compatible for Editor in 13.12 ms, found 0 plugins.
Preloading 0 native plugins for Editor in 0.00 ms.
Initialize engine version: 2021.3.27f1 (ca3ffb99bcc6)
[Subsystems] Discovering subsystems at path D:/Unity/Core/2021.3.27f1/Editor/Data/Resources/UnitySubsystems
[Subsystems] Discovering subsystems at path F:/Art/ArtWork/Games/BRC/coded v3/unityProject/Assets
GfxDevice: creating device client; threaded=0; jobified=0
Direct3D:
    Version:  Direct3D 11.0 [level 11.1]
    Renderer: NVIDIA GeForce RTX 3070 (ID=0x2484)
    Vendor:   NVIDIA
    VRAM:     8032 MB
    Driver:   31.0.15.3713
Initialize mono
Mono path[0] = 'D:/Unity/Core/2021.3.27f1/Editor/Data/Managed'
Mono path[1] = 'D:/Unity/Core/2021.3.27f1/Editor/Data/MonoBleedingEdge/lib/mono/unityjit-win32'
Mono config path = 'D:/Unity/Core/2021.3.27f1/Editor/Data/MonoBleedingEdge/etc'
Using monoOptions --debugger-agent=transport=dt_socket,embedding=1,server=y,suspend=n,address=127.0.0.1:56280
Begin MonoManager ReloadAssembly
Registering precompiled unity dll's ...
Register platform support module: D:/Unity/Core/2021.3.27f1/Editor/Data/PlaybackEngines/WindowsStandaloneSupport/UnityEditor.WindowsStandalone.Extensions.dll
Registered in 0.001567 seconds.
Native extension for WindowsStandalone target not found
Refreshing native plugins compatible for Editor in 12.52 ms, found 0 plugins.
Preloading 0 native plugins for Editor in 0.00 ms.
Mono: successfully reloaded assembly
- Completed reload, in  0.494 seconds
Domain Reload Profiling:
	ReloadAssembly (495ms)
		BeginReloadAssembly (69ms)
			ExecutionOrderSort (0ms)
			DisableScriptedObjects (0ms)
			BackupInstance (0ms)
			ReleaseScriptingObjects (0ms)
			CreateAndSetChildDomain (1ms)
		EndReloadAssembly (346ms)
			LoadAssemblies (68ms)
			RebuildTransferFunctionScriptingTraits (0ms)
			SetupTypeCache (99ms)
			ReleaseScriptCaches (0ms)
			RebuildScriptCaches (27ms)
			SetupLoadedEditorAssemblies (179ms)
				LogAssemblyErrors (0ms)
				InitializePlatformSupportModulesInManaged (5ms)
				SetLoadedEditorAssemblies (0ms)
				RefreshPlugins (13ms)
				BeforeProcessingInitializeOnLoad (1ms)
				ProcessInitializeOnLoadAttributes (116ms)
				ProcessInitializeOnLoadMethodAttributes (44ms)
				AfterProcessingInitializeOnLoad (0ms)
				EditorAssembliesLoaded (0ms)
			ExecutionOrderSort2 (0ms)
			AwakeInstancesAfterBackupRestoration (0ms)
Platform modules already initialized, skipping
Registering precompiled user dll's ...
Registered in 0.000611 seconds.
Begin MonoManager ReloadAssembly
Native extension for WindowsStandalone target not found
Refreshing native plugins compatible for Editor in 0.11 ms, found 0 plugins.
Preloading 0 native plugins for Editor in 0.00 ms.
Mono: successfully reloaded assembly
- Completed reload, in  0.611 seconds
Domain Reload Profiling:
	ReloadAssembly (612ms)
		BeginReloadAssembly (107ms)
			ExecutionOrderSort (0ms)
			DisableScriptedObjects (6ms)
			BackupInstance (0ms)
			ReleaseScriptingObjects (0ms)
			CreateAndSetChildDomain (18ms)
		EndReloadAssembly (423ms)
			LoadAssemblies (67ms)
			RebuildTransferFunctionScriptingTraits (0ms)
			SetupTypeCache (150ms)
			ReleaseScriptCaches (0ms)
			RebuildScriptCaches (31ms)
			SetupLoadedEditorAssemblies (164ms)
				LogAssemblyErrors (0ms)
				InitializePlatformSupportModulesInManaged (3ms)
				SetLoadedEditorAssemblies (0ms)
				RefreshPlugins (0ms)
				BeforeProcessingInitializeOnLoad (29ms)
				ProcessInitializeOnLoadAttributes (109ms)
				ProcessInitializeOnLoadMethodAttributes (20ms)
				AfterProcessingInitializeOnLoad (2ms)
				EditorAssembliesLoaded (0ms)
			ExecutionOrderSort2 (0ms)
			AwakeInstancesAfterBackupRestoration (6ms)
Platform modules already initialized, skipping
========================================================================
Worker process is ready to serve import requests
Launched and connected shader compiler UnityShaderCompiler.exe after 0.05 seconds
Refreshing native plugins compatible for Editor in 0.28 ms, found 0 plugins.
Preloading 0 native plugins for Editor in 0.00 ms.
Unloading 727 Unused Serialized files (Serialized files now loaded: 0)
Unloading 11 unused Assets / (38.4 KB). Loaded Objects now: 1205.
Memory consumption went from 45.1 MB to 45.1 MB.
Total: 1.995900 ms (FindLiveObjects: 0.080600 ms CreateObjectMapping: 0.020300 ms MarkObjects: 1.821300 ms  DeleteObjects: 0.072500 ms)

AssetImportParameters requested are different than current active one (requested -> active):
  custom:video-decoder-ogg-theora: a1e56fd34408186e4bbccfd4996cb3dc -> 
  custom:container-muxer-webm: aa71ff27fc2769a1b78a27578f13a17b -> 
  custom:container-demuxer-webm: 4f35f7cbe854078d1ac9338744f61a02 -> 
  custom:video-encoder-webm-vp8: eb34c28f22e8b96e1ab97ce403110664 -> 
  custom:video-codec-MediaFoundation-h265: 746d11721c4dcdbdad8f713fa42b33f4 -> 
  custom:audio-encoder-webm-vorbis: bf7c407c2cedff20999df2af8eb42d56 -> 
  custom:framework-win-MediaFoundation: 216162199b28c13a410421893ffa2e32 -> 
  custom:container-demuxer-ogg: 62fdf1f143b41e24485cea50d1cbac27 -> 
  custom:video-decoder-webm-vp8: 9c59270c3fd7afecdb556c50c9e8de78 -> 
  custom:audio-decoder-ogg-vorbis: bf7c407c2cedff20999df2af8eb42d56 -> 
========================================================================
Received Import Request.
  Time since last request: 38585.915721 seconds.
  path: Assets/Characters/Coded/voice/Sonic_RoundStart.wav
  artifactKey: Guid(e099794dd82497f45a39045673464ed3) Importer(815301076,1909f56bfc062723c751e8b465ee728b)
Start importing Assets/Characters/Coded/voice/Sonic_RoundStart.wav using Guid(e099794dd82497f45a39045673464ed3) Importer(815301076,1909f56bfc062723c751e8b465ee728b)  -> (artifact id: 'fc322a5ebbf35ddaf49cc60b9d922216') in 0.199916 seconds 
========================================================================
Received Import Request.
  Time since last request: 35.967054 seconds.
  path: Assets/Characters/Coded/textures/graffiti.png
  artifactKey: Guid(2e744f5b6c5f63f48bec0c7a765fd59f) Importer(815301076,1909f56bfc062723c751e8b465ee728b)
Start importing Assets/Characters/Coded/textures/graffiti.png using Guid(2e744f5b6c5f63f48bec0c7a765fd59f) Importer(815301076,1909f56bfc062723c751e8b465ee728b)  -> (artifact id: '9770eb95037a72df54f43833291644f7') in 0.045795 seconds 
========================================================================
Received Import Request.
  Time since last request: 5772.796828 seconds.
  path: Assets/Characters/Coded/textures/graffiti 1.png
  artifactKey: Guid(3aa4b47d4b6f3c94dbbefc9c8fbb3cba) Importer(815301076,1909f56bfc062723c751e8b465ee728b)
Start importing Assets/Characters/Coded/textures/graffiti 1.png using Guid(3aa4b47d4b6f3c94dbbefc9c8fbb3cba) Importer(815301076,1909f56bfc062723c751e8b465ee728b)  -> (artifact id: '646b49e3e6da39a3cefbff618030b51a') in 0.124593 seconds 
========================================================================
Received Import Request.
  Time since last request: 13.762702 seconds.
  path: Assets/Characters/Coded/graffiti.png
  artifactKey: Guid(3aa4b47d4b6f3c94dbbefc9c8fbb3cba) Importer(815301076,1909f56bfc062723c751e8b465ee728b)
Start importing Assets/Characters/Coded/graffiti.png using Guid(3aa4b47d4b6f3c94dbbefc9c8fbb3cba) Importer(815301076,1909f56bfc062723c751e8b465ee728b)  -> (artifact id: '24058ad378ad503c6205458ea9cff243') in 0.021777 seconds 
========================================================================
Received Import Request.
  Time since last request: 54.960730 seconds.
  path: Assets/Characters/Coded/sr.png
  artifactKey: Guid(e6d818510c2745743b00e23325e0aee9) Importer(815301076,1909f56bfc062723c751e8b465ee728b)
Start importing Assets/Characters/Coded/sr.png using Guid(e6d818510c2745743b00e23325e0aee9) Importer(815301076,1909f56bfc062723c751e8b465ee728b)  -> (artifact id: '985bc1cd7431876b0f4c8c296751253d') in 0.013534 seconds 
========================================================================
Received Import Request.
  Time since last request: 25.906484 seconds.
  path: Assets/Characters/Coded/sr.png
  artifactKey: Guid(e6d818510c2745743b00e23325e0aee9) Importer(815301076,1909f56bfc062723c751e8b465ee728b)
Start importing Assets/Characters/Coded/sr.png using Guid(e6d818510c2745743b00e23325e0aee9) Importer(815301076,1909f56bfc062723c751e8b465ee728b)  -> (artifact id: '6a5288d6e9ea930f9ac2a65aa42a37fb') in 0.011466 seconds 
========================================================================
Received Import Request.
  Time since last request: 65.707429 seconds.
  path: Assets/Reference Models/boostMesh_0Mat.mat
  artifactKey: Guid(63ebe32d1bd6fc541a5148057c9002f9) Importer(815301076,1909f56bfc062723c751e8b465ee728b)
Start importing Assets/Reference Models/boostMesh_0Mat.mat using Guid(63ebe32d1bd6fc541a5148057c9002f9) Importer(815301076,1909f56bfc062723c751e8b465ee728b)  -> (artifact id: '92b38db6d1097d2e67d847846de955eb') in 0.951785 seconds 
========================================================================
Received Import Request.
  Time since last request: 0.557695 seconds.
  path: Assets/Characters/Coded/textures/coded/Default-Material 1.mat
  artifactKey: Guid(3d08ecc984ac3cf4f86349cde16ca359) Importer(815301076,1909f56bfc062723c751e8b465ee728b)
Start importing Assets/Characters/Coded/textures/coded/Default-Material 1.mat using Guid(3d08ecc984ac3cf4f86349cde16ca359) Importer(815301076,1909f56bfc062723c751e8b465ee728b)  -> (artifact id: 'f4155b592b2e417706c27b766fcd311b') in 0.026328 seconds 
========================================================================
Received Import Request.
  Time since last request: 0.032426 seconds.
  path: Assets/Reference Models/skateLeft.obj
  artifactKey: Guid(25652817eb3119a498dfe10f0a9c86be) Importer(815301076,1909f56bfc062723c751e8b465ee728b)
Start importing Assets/Reference Models/skateLeft.obj using Guid(25652817eb3119a498dfe10f0a9c86be) Importer(815301076,1909f56bfc062723c751e8b465ee728b)  -> (artifact id: '11ac5a63298659c3127ca276edf3eba3') in 0.157675 seconds 
========================================================================
Received Import Request.
  Time since last request: 0.000034 seconds.
  path: Assets/Characters/Coded/outfits/standard/super_body.mat
  artifactKey: Guid(923f43f418715a545871d3fb975be837) Importer(815301076,1909f56bfc062723c751e8b465ee728b)
Start importing Assets/Characters/Coded/outfits/standard/super_body.mat using Guid(923f43f418715a545871d3fb975be837) Importer(815301076,1909f56bfc062723c751e8b465ee728b)  -> (artifact id: '4963fa35e1f2f143d5f38d29aa7632d3') in 0.057061 seconds 
========================================================================
Received Import Request.
  Time since last request: 0.000015 seconds.
  path: Assets/Characters/Coded/outfits/sonic_body_outfit3.mat
  artifactKey: Guid(60d50fb103808bb43a588ff35f261859) Importer(815301076,1909f56bfc062723c751e8b465ee728b)
Start importing Assets/Characters/Coded/outfits/sonic_body_outfit3.mat using Guid(60d50fb103808bb43a588ff35f261859) Importer(815301076,1909f56bfc062723c751e8b465ee728b)  -> (artifact id: '1ad06a4fed14275b1faea13b2a9e2b77') in 0.021138 seconds 
========================================================================
Received Import Request.
  Time since last request: 0.000031 seconds.
  path: Assets/Characters/Coded/outfits/standard/sonic_body.mat
  artifactKey: Guid(22fb837f6eecbdc49b5502a90b042d0a) Importer(815301076,1909f56bfc062723c751e8b465ee728b)
Start importing Assets/Characters/Coded/outfits/standard/sonic_body.mat using Guid(22fb837f6eecbdc49b5502a90b042d0a) Importer(815301076,1909f56bfc062723c751e8b465ee728b)  -> (artifact id: '50d7c20fe59c92a989b2352ce76eb3a5') in 0.024871 seconds 
========================================================================
Received Import Request.
  Time since last request: 0.000022 seconds.
  path: Assets/Reference Models/spraycanMesh_0Mat.mat
  artifactKey: Guid(ee43602e2c545a14aa775efc3c8d9d1a) Importer(815301076,1909f56bfc062723c751e8b465ee728b)
Start importing Assets/Reference Models/spraycanMesh_0Mat.mat using Guid(ee43602e2c545a14aa775efc3c8d9d1a) Importer(815301076,1909f56bfc062723c751e8b465ee728b)  -> (artifact id: '74a3d09eda907336d3f3ee2812e32c78') in 0.027123 seconds 
========================================================================
Received Import Request.
  Time since last request: 0.000013 seconds.
  path: Assets/Characters/Coded/textures/coded/Default-Material 3.mat
  artifactKey: Guid(438c73cc27aabc642825acc81c301f40) Importer(815301076,1909f56bfc062723c751e8b465ee728b)
Start importing Assets/Characters/Coded/textures/coded/Default-Material 3.mat using Guid(438c73cc27aabc642825acc81c301f40) Importer(815301076,1909f56bfc062723c751e8b465ee728b)  -> (artifact id: '2415caad8719a51501a2ee6f07bac66b') in 0.019074 seconds 
========================================================================
Received Import Request.
  Time since last request: 0.000014 seconds.
  path: Assets/Reference Models/phoneMesh.obj
  artifactKey: Guid(006178526ddca364c833173ddbd09c39) Importer(815301076,1909f56bfc062723c751e8b465ee728b)
Start importing Assets/Reference Models/phoneMesh.obj using Guid(006178526ddca364c833173ddbd09c39) Importer(815301076,1909f56bfc062723c751e8b465ee728b)  -> (artifact id: '16460c3b848941df09380f018971d58b') in 0.038332 seconds 
Editor requested this worker to shutdown with reason: Scaling down because of idle timeout
AssetImportWorker is now disconnected from the server
Process exiting
Exiting without the bug reporter. Application will terminate with return code 0